<?xml version="1.0" encoding="UTF-8"?>
<!-- Generated by org.testng.reporters.JUnitReportReporter -->
<testsuite skipped="0" hostname="IBM-Testing01" name="Demotest.Dataproviderdemo" tests="2" failures="0" timestamp="08 Jan 2020 04:43:42 GMT" time="19.745" errors="0">
  <testcase name="f" time="14.340" classname="Demotest.Dataproviderdemo"/>
  <testcase name="f" time="5.405" classname="Demotest.Dataproviderdemo"/>
</testsuite> <!-- Demotest.Dataproviderdemo -->
