<?xml version="1.0" encoding="UTF-8"?>
<!-- Generated by org.testng.reporters.JUnitReportReporter -->
<testsuite skipped="0" hostname="IBM-Testing01" name="loginTESTPOM.Demologinverify" tests="1" failures="0" timestamp="09 Jan 2020 04:06:49 GMT" time="12.642" errors="0">
  <testcase name="demologin" time="12.642" classname="loginTESTPOM.Demologinverify"/>
</testsuite> <!-- loginTESTPOM.Demologinverify -->
