<?xml version="1.0" encoding="UTF-8"?>
<!-- Generated by org.testng.reporters.JUnitReportReporter -->
<testsuite skipped="0" hostname="IBM-Testing01" name="loginTESTPOM.DemoRegister" tests="1" failures="0" timestamp="09 Jan 2020 04:26:31 GMT" time="14.186" errors="0">
  <testcase name="registerpage" time="14.186" classname="loginTESTPOM.DemoRegister"/>
</testsuite> <!-- loginTESTPOM.DemoRegister -->
