<?xml version="1.0" encoding="UTF-8"?>
<!-- Generated by org.testng.reporters.JUnitReportReporter -->
<testsuite skipped="0" hostname="IBM-Testing01" name="groupdemo.Grouptest2" tests="3" failures="0" timestamp="08 Jan 2020 05:58:30 GMT" time="0.010" errors="0">
  <testcase name="testMethod5" time="0.004" classname="groupdemo.Grouptest2"/>
  <testcase name="testMethod6" time="0.004" classname="groupdemo.Grouptest2"/>
  <testcase name="testMethod7" time="0.002" classname="groupdemo.Grouptest2"/>
</testsuite> <!-- groupdemo.Grouptest2 -->
