<?xml version="1.0" encoding="UTF-8"?>
<!-- Generated by org.testng.reporters.JUnitReportReporter -->
<testsuite skipped="0" hostname="IBM-Testing01" name="Demotest.Dependence_ondemo" tests="3" failures="0" timestamp="06 Jan 2020 11:36:24 GMT" time="0.018" errors="0">
  <testcase name="login" time="0.001" classname="Demotest.Dependence_ondemo"/>
  <testcase name="startapp" time="0.012" classname="Demotest.Dependence_ondemo"/>
  <testcase name="logout" time="0.005" classname="Demotest.Dependence_ondemo"/>
</testsuite> <!-- Demotest.Dependence_ondemo -->
