<?xml version="1.0" encoding="UTF-8"?>
<!-- Generated by org.testng.reporters.JUnitReportReporter -->
<testsuite skipped="0" hostname="IBM-Testing01" name="paralleldemo.Parallelclass" tests="2" failures="0" timestamp="08 Jan 2020 10:18:37 GMT" time="17.891" errors="0">
  <testcase name="method" time="6.988" classname="paralleldemo.Parallelclass"/>
  <testcase name="method" time="10.903" classname="paralleldemo.Parallelclass"/>
</testsuite> <!-- paralleldemo.Parallelclass -->
