<?xml version="1.0" encoding="UTF-8"?>
<!-- Generated by org.testng.reporters.JUnitReportReporter -->
<testsuite skipped="0" hostname="IBM-Testing01" name="Demotest.Prioritydemo" tests="3" failures="0" timestamp="06 Jan 2020 11:05:55 GMT" time="0.016" errors="0">
  <testcase name="logout" time="0.012" classname="Demotest.Prioritydemo"/>
  <testcase name="startapp" time="0.000" classname="Demotest.Prioritydemo"/>
  <testcase name="login" time="0.004" classname="Demotest.Prioritydemo"/>
</testsuite> <!-- Demotest.Prioritydemo -->
