<?xml version="1.0" encoding="UTF-8"?>
<!-- Generated by org.testng.reporters.JUnitReportReporter -->
<testsuite skipped="0" hostname="IBM-Testing01" name="Demotest.Multipletest" tests="2" failures="0" timestamp="09 Jan 2020 06:31:03 GMT" time="24.026" errors="0">
  <testcase name="title" time="7.881" classname="Demotest.Multipletest"/>
  <testcase name="logo" time="16.145" classname="Demotest.Multipletest"/>
</testsuite> <!-- Demotest.Multipletest -->
