<?xml version="1.0" encoding="UTF-8"?>
<!-- Generated by org.testng.reporters.JUnitReportReporter -->
<testsuite skipped="0" hostname="IBM-Testing01" name="groupdemo.Grouptest1" tests="1" failures="0" timestamp="08 Jan 2020 05:58:30 GMT" time="0.014" errors="0">
  <testcase name="testMethod4" time="0.014" classname="groupdemo.Grouptest1"/>
</testsuite> <!-- groupdemo.Grouptest1 -->
